[INFO] [2016-06-21 11:02:20][org.springframework.beans.factory.xml.XmlBeanDefinitionReader]Loading XML bean definitions from class path resource [spring-mybatis.xml]
  [INFO] [2016-06-21 11:02:20][org.springframework.context.support.GenericApplicationContext]Refreshing org.springframework.context.support.GenericApplicationContext@616ca2: startup date [Tue Jun 21 11:02:20 CST 2016]; root of context hierarchy
  [INFO] [2016-06-21 11:02:20][org.springframework.beans.factory.config.PropertyPlaceholderConfigurer]Loading properties file from class path resource [jdbc.properties]
  [INFO] [2016-06-21 11:02:20][org.springframework.beans.factory.annotation.AutowiredAnnotationBeanPostProcessor]JSR-330 'javax.inject.Inject' annotation found and supported for autowiring
  [INFO] [2016-06-21 11:02:21][com.cesecsh.test.TestMyBatis]{"id":1,"password":"111111","username":"测试用户1"}
  [INFO] [2016-06-21 11:02:21][org.springframework.context.support.GenericApplicationContext]Closing org.springframework.context.support.GenericApplicationContext@616ca2: startup date [Tue Jun 21 11:02:20 CST 2016]; root of context hierarchy
  [INFO] [2016-06-21 11:13:12][org.springframework.beans.factory.xml.XmlBeanDefinitionReader]Loading XML bean definitions from class path resource [spring-mybatis.xml]
  [INFO] [2016-06-21 11:13:12][org.springframework.context.support.GenericApplicationContext]Refreshing org.springframework.context.support.GenericApplicationContext@6a3f77: startup date [Tue Jun 21 11:13:12 CST 2016]; root of context hierarchy
  [INFO] [2016-06-21 11:13:12][org.springframework.beans.factory.config.PropertyPlaceholderConfigurer]Loading properties file from class path resource [jdbc.properties]
  [INFO] [2016-06-21 11:13:12][org.springframework.beans.factory.annotation.AutowiredAnnotationBeanPostProcessor]JSR-330 'javax.inject.Inject' annotation found and supported for autowiring
  [INFO] [2016-06-21 11:13:12][com.cesecsh.test.UserServiceTest][{"id":1,"password":"111111","username":"测试用户1"},{"id":2,"password":"222222","username":"测试用户2"}]
  [INFO] [2016-06-21 11:13:12][org.springframework.context.support.GenericApplicationContext]Closing org.springframework.context.support.GenericApplicationContext@6a3f77: startup date [Tue Jun 21 11:13:12 CST 2016]; root of context hierarchy
  [INFO] [2016-06-21 13:41:53][org.springframework.beans.factory.xml.XmlBeanDefinitionReader]Loading XML bean definitions from class path resource [spring-mybatis.xml]
  [INFO] [2016-06-21 13:41:53][org.springframework.context.support.GenericApplicationContext]Refreshing org.springframework.context.support.GenericApplicationContext@6a3f77: startup date [Tue Jun 21 13:41:53 CST 2016]; root of context hierarchy
  [INFO] [2016-06-21 13:41:53][org.springframework.beans.factory.config.PropertyPlaceholderConfigurer]Loading properties file from class path resource [jdbc.properties]
  [INFO] [2016-06-21 13:41:53][org.springframework.beans.factory.annotation.AutowiredAnnotationBeanPostProcessor]JSR-330 'javax.inject.Inject' annotation found and supported for autowiring
  [INFO] [2016-06-21 13:41:54][com.cesecsh.test.UserServiceTest][]
  [INFO] [2016-06-21 13:41:54][org.springframework.context.support.GenericApplicationContext]Closing org.springframework.context.support.GenericApplicationContext@6a3f77: startup date [Tue Jun 21 13:41:53 CST 2016]; root of context hierarchy
  [INFO] [2016-06-21 13:44:18][org.springframework.beans.factory.xml.XmlBeanDefinitionReader]Loading XML bean definitions from class path resource [spring-mybatis.xml]
  [INFO] [2016-06-21 13:44:18][org.springframework.context.support.GenericApplicationContext]Refreshing org.springframework.context.support.GenericApplicationContext@6a3f77: startup date [Tue Jun 21 13:44:18 CST 2016]; root of context hierarchy
  [INFO] [2016-06-21 13:44:18][org.springframework.beans.factory.config.PropertyPlaceholderConfigurer]Loading properties file from class path resource [jdbc.properties]
  [INFO] [2016-06-21 13:44:18][org.springframework.beans.factory.annotation.AutowiredAnnotationBeanPostProcessor]JSR-330 'javax.inject.Inject' annotation found and supported for autowiring
  [INFO] [2016-06-21 13:44:19][com.cesecsh.test.UserServiceTest][]
  [INFO] [2016-06-21 13:44:19][org.springframework.context.support.GenericApplicationContext]Closing org.springframework.context.support.GenericApplicationContext@6a3f77: startup date [Tue Jun 21 13:44:18 CST 2016]; root of context hierarchy
  [INFO] [2016-06-21 13:44:27][org.springframework.beans.factory.xml.XmlBeanDefinitionReader]Loading XML bean definitions from class path resource [spring-mybatis.xml]
  [INFO] [2016-06-21 13:44:28][org.springframework.context.support.GenericApplicationContext]Refreshing org.springframework.context.support.GenericApplicationContext@616ca2: startup date [Tue Jun 21 13:44:28 CST 2016]; root of context hierarchy
  [INFO] [2016-06-21 13:44:28][org.springframework.beans.factory.config.PropertyPlaceholderConfigurer]Loading properties file from class path resource [jdbc.properties]
  [INFO] [2016-06-21 13:44:28][org.springframework.beans.factory.annotation.AutowiredAnnotationBeanPostProcessor]JSR-330 'javax.inject.Inject' annotation found and supported for autowiring
  [INFO] [2016-06-21 13:44:28][com.cesecsh.test.UserServiceTest][{"id":1,"password":"111111","username":"测试用户1"},{"id":2,"password":"222222","username":"测试用户2"}]
  [INFO] [2016-06-21 13:44:28][com.cesecsh.test.UserServiceTest][{"id":1,"password":"111111","username":"测试用户1"},{"id":2,"password":"222222","username":"测试用户2"}]
  [INFO] [2016-06-21 13:44:28][com.cesecsh.test.UserServiceTest]{"id":1,"password":"111111","username":"测试用户1"}
  [INFO] [2016-06-21 13:44:28][org.springframework.context.support.GenericApplicationContext]Closing org.springframework.context.support.GenericApplicationContext@616ca2: startup date [Tue Jun 21 13:44:28 CST 2016]; root of context hierarchy
  [INFO] [2016-06-21 13:44:46][org.springframework.beans.factory.xml.XmlBeanDefinitionReader]Loading XML bean definitions from class path resource [spring-mybatis.xml]
  [INFO] [2016-06-21 13:44:47][org.springframework.context.support.GenericApplicationContext]Refreshing org.springframework.context.support.GenericApplicationContext@6a3f77: startup date [Tue Jun 21 13:44:47 CST 2016]; root of context hierarchy
  [INFO] [2016-06-21 13:44:47][org.springframework.beans.factory.config.PropertyPlaceholderConfigurer]Loading properties file from class path resource [jdbc.properties]
  [INFO] [2016-06-21 13:44:47][org.springframework.beans.factory.annotation.AutowiredAnnotationBeanPostProcessor]JSR-330 'javax.inject.Inject' annotation found and supported for autowiring
  [INFO] [2016-06-21 13:44:47][com.cesecsh.test.UserServiceTest][{"id":1,"password":"111111","username":"测试用户1"},{"id":2,"password":"222222","username":"测试用户2"}]
  [INFO] [2016-06-21 13:44:47][org.springframework.context.support.GenericApplicationContext]Closing org.springframework.context.support.GenericApplicationContext@6a3f77: startup date [Tue Jun 21 13:44:47 CST 2016]; root of context hierarchy
  [INFO] [2016-06-21 13:51:11][org.springframework.beans.factory.xml.XmlBeanDefinitionReader]Loading XML bean definitions from class path resource [spring-mybatis.xml]
  [INFO] [2016-06-21 13:51:11][org.springframework.context.support.GenericApplicationContext]Refreshing org.springframework.context.support.GenericApplicationContext@6a3f77: startup date [Tue Jun 21 13:51:11 CST 2016]; root of context hierarchy
  [INFO] [2016-06-21 13:51:11][org.springframework.beans.factory.config.PropertyPlaceholderConfigurer]Loading properties file from class path resource [jdbc.properties]
  [INFO] [2016-06-21 13:51:11][org.springframework.beans.factory.annotation.AutowiredAnnotationBeanPostProcessor]JSR-330 'javax.inject.Inject' annotation found and supported for autowiring
  [INFO] [2016-06-21 13:51:12][com.cesecsh.test.UserServiceTest][]
  [INFO] [2016-06-21 13:51:12][org.springframework.context.support.GenericApplicationContext]Closing org.springframework.context.support.GenericApplicationContext@6a3f77: startup date [Tue Jun 21 13:51:11 CST 2016]; root of context hierarchy
  [INFO] [2016-06-21 13:51:41][org.springframework.beans.factory.xml.XmlBeanDefinitionReader]Loading XML bean definitions from class path resource [spring-mybatis.xml]
  [INFO] [2016-06-21 13:51:41][org.springframework.context.support.GenericApplicationContext]Refreshing org.springframework.context.support.GenericApplicationContext@6a3f77: startup date [Tue Jun 21 13:51:41 CST 2016]; root of context hierarchy
  [INFO] [2016-06-21 13:51:41][org.springframework.beans.factory.config.PropertyPlaceholderConfigurer]Loading properties file from class path resource [jdbc.properties]
  [INFO] [2016-06-21 13:51:41][org.springframework.beans.factory.annotation.AutowiredAnnotationBeanPostProcessor]JSR-330 'javax.inject.Inject' annotation found and supported for autowiring
  [INFO] [2016-06-21 13:51:42][com.cesecsh.test.UserServiceTest][]
  [INFO] [2016-06-21 13:51:42][org.springframework.context.support.GenericApplicationContext]Closing org.springframework.context.support.GenericApplicationContext@6a3f77: startup date [Tue Jun 21 13:51:41 CST 2016]; root of context hierarchy
  [INFO] [2016-06-21 13:56:12][org.springframework.beans.factory.xml.XmlBeanDefinitionReader]Loading XML bean definitions from class path resource [spring-mybatis.xml]
  [INFO] [2016-06-21 13:56:12][org.springframework.context.support.GenericApplicationContext]Refreshing org.springframework.context.support.GenericApplicationContext@6a3f77: startup date [Tue Jun 21 13:56:12 CST 2016]; root of context hierarchy
  [INFO] [2016-06-21 13:56:12][org.springframework.beans.factory.config.PropertyPlaceholderConfigurer]Loading properties file from class path resource [jdbc.properties]
  [INFO] [2016-06-21 13:56:12][org.springframework.beans.factory.annotation.AutowiredAnnotationBeanPostProcessor]JSR-330 'javax.inject.Inject' annotation found and supported for autowiring
  [INFO] [2016-06-21 13:56:13][com.cesecsh.test.UserServiceTest][]
  [INFO] [2016-06-21 13:56:13][org.springframework.context.support.GenericApplicationContext]Closing org.springframework.context.support.GenericApplicationContext@6a3f77: startup date [Tue Jun 21 13:56:12 CST 2016]; root of context hierarchy
  [INFO] [2016-06-21 14:00:48][org.springframework.beans.factory.xml.XmlBeanDefinitionReader]Loading XML bean definitions from class path resource [spring-mybatis.xml]
  [INFO] [2016-06-21 14:00:48][org.springframework.context.support.GenericApplicationContext]Refreshing org.springframework.context.support.GenericApplicationContext@6a3f77: startup date [Tue Jun 21 14:00:48 CST 2016]; root of context hierarchy
  [INFO] [2016-06-21 14:00:48][org.springframework.beans.factory.config.PropertyPlaceholderConfigurer]Loading properties file from class path resource [jdbc.properties]
  [INFO] [2016-06-21 14:00:48][org.springframework.beans.factory.annotation.AutowiredAnnotationBeanPostProcessor]JSR-330 'javax.inject.Inject' annotation found and supported for autowiring
  [INFO] [2016-06-21 14:00:48][com.cesecsh.test.UserServiceTest][]
  [INFO] [2016-06-21 14:00:48][org.springframework.context.support.GenericApplicationContext]Closing org.springframework.context.support.GenericApplicationContext@6a3f77: startup date [Tue Jun 21 14:00:48 CST 2016]; root of context hierarchy
  [INFO] [2016-06-21 14:05:32][org.springframework.beans.factory.xml.XmlBeanDefinitionReader]Loading XML bean definitions from class path resource [spring-mybatis.xml]
  [INFO] [2016-06-21 14:05:32][org.springframework.context.support.GenericApplicationContext]Refreshing org.springframework.context.support.GenericApplicationContext@6a3f77: startup date [Tue Jun 21 14:05:32 CST 2016]; root of context hierarchy
  [INFO] [2016-06-21 14:05:32][org.springframework.beans.factory.config.PropertyPlaceholderConfigurer]Loading properties file from class path resource [jdbc.properties]
  [INFO] [2016-06-21 14:05:32][org.springframework.beans.factory.annotation.AutowiredAnnotationBeanPostProcessor]JSR-330 'javax.inject.Inject' annotation found and supported for autowiring
  [INFO] [2016-06-21 14:05:32][com.cesecsh.test.UserServiceTest][]
  [INFO] [2016-06-21 14:05:32][org.springframework.context.support.GenericApplicationContext]Closing org.springframework.context.support.GenericApplicationContext@6a3f77: startup date [Tue Jun 21 14:05:32 CST 2016]; root of context hierarchy
  